2022-08-29 17:43:53 ERROR MotorController:122 - This is error : Duplicate Engine and Chassis No
2022-08-29 17:43:53 ERROR MotorController:126 - This is error : Duplicate Engine and Chassis No
2022-08-29 17:43:53 ERROR MotorController:130 - This is error : Duplicate Reg. No exists
2022-08-30 09:19:14 ERROR MotorController:116 - This is error : Duplicate Engine and Chassis No
2022-08-30 09:19:14 ERROR MotorController:120 - This is error : Duplicate Engine and Chassis No
2022-08-30 09:19:14 ERROR MotorController:124 - This is error : Duplicate Reg. No exists
2022-08-30 09:19:36 ERROR MotorController:116 - This is error : Duplicate Engine and Chassis No
2022-08-30 09:19:36 ERROR MotorController:120 - This is error : Duplicate Engine and Chassis No
2022-08-30 09:19:36 ERROR MotorController:124 - This is error : Duplicate Reg. No exists
2022-08-30 09:20:02 ERROR MotorController:116 - This is error : Duplicate Engine and Chassis No
2022-08-30 09:20:02 ERROR MotorController:120 - This is error : Duplicate Engine and Chassis No
2022-08-30 09:20:02 ERROR MotorController:124 - This is error : Duplicate Reg. No exists
2022-08-30 11:18:39 ERROR MotorController:109 - This is error : Client not exist
2022-08-30 11:18:39 ERROR MotorController:125 - This is error : Expiry Date must larger than Inception Date
2022-08-30 11:18:47 ERROR MotorController:109 - This is error : Client not exist
2022-08-30 11:18:47 ERROR MotorController:125 - This is error : Expiry Date must larger than Inception Date
2022-08-30 11:19:05 ERROR MotorController:109 - This is error : Client not exist
2022-08-30 11:19:14 ERROR MotorController:109 - This is error : Client not exist
2022-08-30 11:19:33 ERROR MotorController:109 - This is error : Client not exist
2022-08-30 11:19:46 ERROR MotorController:109 - This is error : Client not exist
2022-08-30 11:19:56 ERROR MotorController:109 - This is error : Client not exist
2022-08-30 14:47:45 ERROR MotorController:111 - This is error : Client not exist
2022-08-30 14:50:56 ERROR MotorController:111 - This is error : Client not exist
2022-08-30 14:56:21 ERROR MotorController:111 - This is error : Client not exist
2022-08-30 14:56:21 ERROR MotorController:115 - This is error : Duplicate Engine and Chassis No
2022-08-30 14:59:50 ERROR MotorController:111 - This is error : Client not exist
2022-08-30 14:59:50 ERROR MotorController:115 - This is error : Duplicate Engine and Chassis No
2022-08-30 14:59:50 ERROR MotorController:119 - This is error : Duplicate Engine and Chassis No
2022-08-30 15:03:51 ERROR MotorController:111 - This is error : Client not exist
2022-08-30 15:03:51 ERROR MotorController:115 - This is error : Duplicate Engine and Chassis No
2022-08-30 15:04:30 ERROR MotorController:111 - This is error : Client not exist
2022-08-30 15:04:30 ERROR MotorController:115 - This is error : Duplicate Engine and Chassis No
2022-09-05 17:06:44 ERROR MotorController:111 - This is error : Client not exist
2022-09-05 17:07:07 ERROR MotorController:115 - This is error : Duplicate Engine and Chassis No
2022-09-05 17:07:07 ERROR MotorController:119 - This is error : Duplicate Engine and Chassis No
2022-09-05 17:07:07 ERROR MotorController:123 - This is error : Duplicate Reg. No exists
2022-09-06 09:59:39 ERROR ClaimController:79 - This is error : Policy does not exist
2022-09-06 10:00:06 ERROR ClaimController:100 - This is error : Must not be greater than Sum Insured
2022-09-06 10:00:21 ERROR ClaimController:91 - This is error : Date cannot be in the future
2022-09-06 10:00:21 ERROR ClaimController:100 - This is error : Must not be greater than Sum Insured
2022-09-06 10:30:59 ERROR MotorController:115 - This is error : Duplicate Engine and Chassis No
2022-09-06 10:30:59 ERROR MotorController:119 - This is error : Duplicate Engine and Chassis No
2022-09-06 10:30:59 ERROR MotorController:123 - This is error : Duplicate Reg. No exists
2022-09-06 10:33:02 ERROR MotorController:127 - This is error : Expiry Date must larger than Inception Date
2022-09-06 10:44:15 ERROR MotorController:111 - This is error : Client not exist
2022-09-06 11:41:12 ERROR MotorController:115 - This is error : Duplicate Engine and Chassis No
2022-09-06 11:41:12 ERROR MotorController:119 - This is error : Duplicate Engine and Chassis No
2022-09-06 11:41:12 ERROR MotorController:123 - This is error : Duplicate Reg. No exists
2022-09-06 11:41:12 ERROR MotorController:127 - This is error : Expiry Date must larger than Inception Date
2022-09-08 09:28:08 ERROR ClaimController:79 - This is error : Policy does not exist
2022-09-08 09:29:22 ERROR ClaimController:91 - This is error : Date cannot be in the future
2022-09-08 09:29:46 ERROR ClaimController:100 - This is error : Must not be greater than Sum Insured
2022-09-09 08:54:15 ERROR ClaimController:91 - This is error : Date cannot be in the future
2022-09-09 08:54:31 ERROR ClaimController:100 - This is error : Must not be greater than Sum Insured
2022-09-09 08:57:34 ERROR ClaimController:91 - This is error : Date cannot be in the future
2022-09-09 09:03:50 ERROR ClaimController:79 - This is error : Policy does not exist
2022-09-09 09:04:02 ERROR ClaimController:79 - This is error : Policy does not exist
2022-09-09 09:14:20 ERROR ClaimController:96 - This is error : Policy not in force
2022-09-09 09:14:20 ERROR ClaimController:100 - This is error : Must not be greater than Sum Insured
2022-09-09 09:25:54 ERROR ClaimController:100 - This is error : Must not be greater than Sum Insured
2022-09-09 09:52:41 ERROR ClaimController:100 - This is error : Must not be greater than Sum Insured
2022-09-09 09:53:15 ERROR ClaimController:100 - This is error : Must not be greater than Sum Insured
